2025-06-08T09:33:20.890Z [ERROR]: POST /api/events/68453771b7ff03585a0c394e/register - This Event is Booked now
2025-06-08T09:37:15.836Z [ERROR]: POST /api/events/68453771b7ff03585a0c394e/register - You are already registered in this event
2025-06-08T09:38:29.669Z [ERROR]: POST /api/events/684537dfb7ff03585a0c3950/register - You are already registered in this event
2025-06-08T09:39:48.471Z [ERROR]: POST /api/events/684537dfb7ff03585a0c3950/register - You are already registered in this event
2025-06-08T09:39:51.568Z [ERROR]: POST /api/events/684537dfb7ff03585a0c3950/register - You are already registered in this event
2025-06-08T09:39:52.628Z [ERROR]: POST /api/events/684537dfb7ff03585a0c3950/register - You are already registered in this event
2025-06-08T09:42:47.022Z [ERROR]: POST /api/events/684537dfb7ff03585a0c3950/register - This Event is Booked now
2025-06-08T10:02:53.749Z [ERROR]: GET /api/events - No token, authorization denied
2025-06-08T10:02:53.757Z [ERROR]: GET /api/auth/myProfile - No token, authorization denied
2025-06-08T10:02:59.366Z [ERROR]: GET /api/auth/myProfile - No token, authorization denied
2025-06-08T11:37:28.682Z [ERROR]: GET /api/events - No token, authorization denied
2025-06-08T11:37:28.696Z [ERROR]: GET /api/auth/myProfile - No token, authorization denied
2025-06-08T11:37:36.220Z [ERROR]: GET /api/auth/myProfile - No token, authorization denied
2025-06-08T11:46:00.877Z [ERROR]: POST /api/events/68453771b7ff03585a0c394e/register - You have already booked for this event
2025-06-08T12:27:51.901Z [ERROR]: GET /api/events/undefined - Internal Server Error
2025-06-08T12:27:53.949Z [ERROR]: GET /api/events/undefined - Internal Server Error
2025-06-08T12:28:30.762Z [ERROR]: GET /api/events/undefined - Internal Server Error
2025-06-08T12:28:43.776Z [ERROR]: GET /api/events/undefined - Internal Server Error
2025-06-08T12:29:25.176Z [ERROR]: GET /api/events/undefined - Internal Server Error
2025-06-08T12:29:28.163Z [ERROR]: GET /api/events/undefined - Internal Server Error
2025-06-08T12:29:32.146Z [ERROR]: GET /api/events/undefined - Internal Server Error
2025-06-08T12:29:42.157Z [ERROR]: GET /api/events/undefined - Internal Server Error
2025-06-08T12:30:55.147Z [ERROR]: GET /api/events/undefined - Internal Server Error
2025-06-08T12:30:58.148Z [ERROR]: GET /api/events/undefined - Internal Server Error
2025-06-08T12:31:52.921Z [ERROR]: GET /api/events/68453771b7ff03585a0c394e - No token, authorization denied
2025-06-08T12:32:09.289Z [ERROR]: GET /api/auth/myProfile - No token, authorization denied
2025-06-08T17:23:38.060Z [ERROR]: POST /api/admin/registrations/684577ed519134e17c9ed407/approve - You don't have access for this action
2025-06-08T17:24:03.281Z [ERROR]: GET /api/auth/myProfile - No token, authorization denied
2025-06-08T17:33:43.570Z [ERROR]: POST /api/auth/logout - No token, authorization denied
2025-06-08T17:33:51.004Z [ERROR]: GET /api/auth/myProfile - No token, authorization denied
2025-06-09T11:37:13.289Z [ERROR]: PUT /api/admin/registrations/[object%20Object] - Internal Server Error
2025-06-09T12:33:04.517Z [ERROR]: POST /api/events/684537dfb7ff03585a0c3950/register - Internal Server Error
2025-06-09T12:33:22.443Z [ERROR]: POST /api/events/684537dfb7ff03585a0c3950/register - Internal Server Error
2025-06-09T12:37:03.743Z [ERROR]: GET /api/auth/myProfile - No token, authorization denied
2025-06-09T12:41:53.240Z [ERROR]: GET /api/auth/myProfile - No token, authorization denied
2025-06-09T12:42:04.022Z [ERROR]: GET /api/auth/myProfile - No token, authorization denied
2025-06-09T12:42:09.824Z [ERROR]: GET /api/auth/myProfile - No token, authorization denied
2025-06-09T12:42:18.080Z [ERROR]: GET /api/auth/myProfile - No token, authorization denied
2025-06-09T12:42:34.630Z [ERROR]: GET /api/auth/myProfile - No token, authorization denied
2025-06-09T12:42:35.636Z [ERROR]: GET /api/auth/myProfile - No token, authorization denied
2025-06-09T12:42:41.527Z [ERROR]: GET /api/auth/myProfile - No token, authorization denied
2025-06-09T13:01:02.274Z [ERROR]: GET /api/auth/myProfile - No token, authorization denied
2025-06-09T13:05:24.950Z [ERROR]: GET /api/auth/myProfile - No token, authorization denied
2025-06-09T13:05:37.272Z [ERROR]: GET /api/auth/myProfile - No token, authorization denied
2025-06-09T13:06:24.054Z [ERROR]: GET /api/auth/myProfile - No token, authorization denied
2025-06-09T13:06:37.885Z [ERROR]: GET /api/auth/myProfile - No token, authorization denied
2025-06-09T13:06:49.089Z [ERROR]: GET /api/auth/myProfile - No token, authorization denied
2025-06-09T13:06:54.967Z [ERROR]: GET /api/auth/myProfile - No token, authorization denied
2025-06-09T13:06:56.055Z [ERROR]: GET /api/auth/myProfile - No token, authorization denied
2025-06-09T13:07:11.892Z [ERROR]: GET /api/auth/myProfile - No token, authorization denied
2025-06-09T13:07:15.695Z [ERROR]: GET /api/auth/myProfile - No token, authorization denied
2025-06-09T13:07:26.047Z [ERROR]: GET /api/auth/myProfile - No token, authorization denied
2025-06-09T13:07:36.341Z [ERROR]: GET /api/auth/myProfile - No token, authorization denied
2025-06-09T13:07:47.666Z [ERROR]: GET /api/auth/myProfile - No token, authorization denied
2025-06-09T13:09:53.925Z [ERROR]: GET /api/auth/myProfile - No token, authorization denied
2025-06-09T13:10:26.287Z [ERROR]: GET /api/auth/myProfile - No token, authorization denied
2025-06-09T13:13:13.361Z [ERROR]: GET /api/auth/myProfile - No token, authorization denied
2025-06-09T13:13:15.016Z [ERROR]: GET /api/auth/myProfile - No token, authorization denied
2025-06-09T13:13:18.888Z [ERROR]: GET /api/auth/myProfile - No token, authorization denied
2025-06-09T13:13:22.879Z [ERROR]: GET /api/auth/myProfile - No token, authorization denied
2025-06-09T13:13:27.956Z [ERROR]: GET /api/auth/myProfile - No token, authorization denied
2025-06-09T13:13:52.540Z [ERROR]: GET /api/auth/myProfile - No token, authorization denied
2025-06-09T13:13:54.249Z [ERROR]: GET /api/auth/myProfile - No token, authorization denied
2025-06-09T13:14:52.575Z [ERROR]: GET /api/auth/myProfile - No token, authorization denied
2025-06-09T13:18:49.032Z [ERROR]: GET /api/auth/myProfile - No token, authorization denied
2025-06-09T13:20:03.587Z [ERROR]: GET /api/auth/myProfile - No token, authorization denied
2025-06-09T13:20:04.701Z [ERROR]: GET /api/auth/myProfile - No token, authorization denied
2025-06-09T13:21:39.607Z [ERROR]: GET /api/auth/myProfile - No token, authorization denied
2025-06-09T13:21:40.666Z [ERROR]: GET /api/auth/myProfile - No token, authorization denied
2025-06-09T13:23:16.307Z [ERROR]: GET /api/auth/myProfile - No token, authorization denied
2025-06-09T13:23:17.274Z [ERROR]: GET /api/auth/myProfile - No token, authorization denied
2025-06-09T13:26:50.004Z [ERROR]: GET /api/auth/myProfile - No token, authorization denied
2025-06-09T13:39:54.093Z [ERROR]: GET /api/auth/myProfile - No token, authorization denied
2025-06-09T13:39:55.845Z [ERROR]: GET /api/auth/myProfile - No token, authorization denied
